<!DOCTYPE html>
<html>
<head>
<meta http-equiv="Content-Type" content="text/html; charset=utf-8"/>
<meta http-equiv="x-ua-compatible" content="IE=edge"/>
<title>Test results - SampleTests</title>
<link href="../css/base-style.css" rel="stylesheet" type="text/css"/>
<link href="../css/style.css" rel="stylesheet" type="text/css"/>
<script src="../js/report.js" type="text/javascript"></script>
</head>
<body>
<div id="content">
<h1>SampleTests</h1>
<div class="breadcrumbs">
<a href="../index.html">all</a> &gt; 
<a href="../packages/sample.html">sample</a> &gt; SampleTests</div>
<div id="summary">
<table>
<tr>
<td>
<div class="summaryGroup">
<table>
<tr>
<td>
<div class="infoBox" id="tests">
<div class="counter">1</div>
<p>tests</p>
</div>
</td>
<td>
<div class="infoBox" id="failures">
<div class="counter">1</div>
<p>failures</p>
</div>
</td>
<td>
<div class="infoBox" id="ignored">
<div class="counter">0</div>
<p>ignored</p>
</div>
</td>
<td>
<div class="infoBox" id="duration">
<div class="counter">0.095s</div>
<p>duration</p>
</div>
</td>
</tr>
</table>
</div>
</td>
<td>
<div class="infoBox failures" id="successRate">
<div class="percent">0%</div>
<p>successful</p>
</div>
</td>
</tr>
</table>
</div>
<div id="tabs">
<ul class="tabLinks">
<li>
<a href="#tab0">Failed tests</a>
</li>
<li>
<a href="#tab1">Tests</a>
</li>
</ul>
<div id="tab0" class="tab">
<h2>Failed tests</h2>
<div class="test">
<a name="testReflection"></a>
<h3 class="failures">testReflection[macos]</h3>
<span class="code">
<pre>kotlin.AssertionError: Expected &lt;Tuple(x=0.19032, y=0.2379, z=0.14274, w=1.0)&gt;, actual &lt;Tuple(x=0.19073193, y=0.2384149, z=0.14304894, w=1.0)&gt;.
	at kotlin.Throwable.&lt;init&gt;(/Users/teamcity1/teamcity_work/4d622a065c544371/runtime/src/main/kotlin/kotlin/Throwable.kt:22)
	at kotlin.Error.&lt;init&gt;(/Users/teamcity1/teamcity_work/4d622a065c544371/runtime/src/main/kotlin/kotlin/Exceptions.kt:12)
	at kotlin.AssertionError.&lt;init&gt;(/Users/teamcity1/teamcity_work/4d622a065c544371/runtime/src/main/kotlin/kotlin/Exceptions.kt:128)
	at kotlin.test.DefaultAsserter.fail(/Users/teamcity1/teamcity_work/4d622a065c544371/backend.native/build/stdlib/kotlin/test/DefaultAsserter.kt:16)
	at kotlin.test.Asserter.assertTrue(/Users/teamcity1/teamcity_work/4d622a065c544371/backend.native/build/stdlib/kotlin/test/Assertions.kt:196)
	at kotlin.test.Asserter.assertEquals(/Users/teamcity1/teamcity_work/4d622a065c544371/backend.native/build/stdlib/kotlin/test/Assertions.kt:215)
	at kotlin.test.assertEquals(/Users/teamcity1/teamcity_work/4d622a065c544371/backend.native/build/stdlib/kotlin/test/Assertions.kt:51)
	at kotlin.test.assertEquals$default(/Users/teamcity1/teamcity_work/4d622a065c544371/backend.native/build/stdlib/kotlin/test/Assertions.kt:50)
	at sample.SampleTests.testReflection(/Volumes/Workspace/RaytracerChallenge/src/macosTest/kotlin/sample/SampleTests.kt:1428)
	at sample.$SampleTests$test$0.$testReflection$FUNCTION_REFERENCE$19.invoke#internal(/Volumes/Workspace/RaytracerChallenge/src/macosTest/kotlin/sample/SampleTests.kt:1390)
	at sample.$SampleTests$test$0.$testReflection$FUNCTION_REFERENCE$19.$&lt;bridge-UNNN&gt;invoke(/Volumes/Workspace/RaytracerChallenge/src/macosTest/kotlin/sample/SampleTests.kt:1390)
	at kotlin.native.internal.test.BaseClassSuite.TestCase.run(/Users/teamcity1/teamcity_work/4d622a065c544371/runtime/src/main/kotlin/kotlin/native/internal/test/TestSuite.kt:85)
	at kotlin.native.internal.test.TestRunner.run#internal(/Users/teamcity1/teamcity_work/4d622a065c544371/runtime/src/main/kotlin/kotlin/native/internal/test/TestRunner.kt:229)
	at kotlin.native.internal.test.TestRunner.runIteration#internal(/Users/teamcity1/teamcity_work/4d622a065c544371/runtime/src/main/kotlin/kotlin/native/internal/test/TestRunner.kt:252)
	at kotlin.native.internal.test.TestRunner.run(/Users/teamcity1/teamcity_work/4d622a065c544371/runtime/src/main/kotlin/kotlin/native/internal/test/TestRunner.kt:270)
	at kotlin.native.internal.test.testLauncherEntryPoint(/Users/teamcity1/teamcity_work/4d622a065c544371/runtime/src/main/kotlin/kotlin/native/internal/test/Launcher.kt:22)
	at kotlin.native.internal.test.main(/Users/teamcity1/teamcity_work/4d622a065c544371/runtime/src/main/kotlin/kotlin/native/internal/test/Launcher.kt:26)
	at &lt;global&gt;.Konan_start(/Users/teamcity1/teamcity_work/4d622a065c544371/runtime/src/main/kotlin/kotlin/native/internal/test/Launcher.kt:25)
	at &lt;global&gt;.Init_and_run_start(Unknown Source)
	at &lt;global&gt;.start(Unknown Source)
	at &lt;global&gt;.0x0(Unknown Source)
</pre>
</span>
</div>
</div>
<div id="tab1" class="tab">
<h2>Tests</h2>
<table>
<thead>
<tr>
<th>Test</th>
<th>Method name</th>
<th>Duration</th>
<th>Result</th>
</tr>
</thead>
<tr>
<td class="failures">testReflection[macos]</td>
<td class="failures">testReflection</td>
<td class="failures">0.095s</td>
<td class="failures">failed</td>
</tr>
</table>
</div>
</div>
<div id="footer">
<p>
<div>
<label class="hidden" id="label-for-line-wrapping-toggle" for="line-wrapping-toggle">Wrap lines
<input id="line-wrapping-toggle" type="checkbox" autocomplete="off"/>
</label>
</div>Generated by 
<a href="http://www.gradle.org">Gradle 5.5.1</a> at 30-May-2020 10:25:03 AM</p>
</div>
</div>
</body>
</html>
